{
  "RSpec": {
    "coverage": {
      "/Users/teresasimancasfernandez/trips_management/lib/cli.rb": {
        "lines": [
          null,
          null,
          1,
          1,
          null,
          null,
          1,
          1,
          3,
          null,
          null,
          1,
          3,
          1,
          null,
          2,
          1,
          1,
          null,
          null,
          1,
          null,
          null,
          1,
          null,
          1,
          null,
          1,
          2,
          null,
          null,
          1,
          3,
          null,
          null
        ]
      },
      "/Users/teresasimancasfernandez/trips_management/lib/parse_data.rb": {
        "lines": [
          null,
          null,
          1,
          null,
          null,
          1,
          1,
          3,
          null,
          null,
          1,
          2,
          null,
          null,
          1,
          null,
          1,
          null,
          1,
          2,
          2,
          2,
          16,
          6,
          null,
          null,
          null,
          10,
          10,
          3,
          null,
          null,
          null,
          null,
          2,
          null,
          null
        ]
      },
      "/Users/teresasimancasfernandez/trips_management/lib/segment_management.rb": {
        "lines": [
          null,
          null,
          1,
          1,
          null,
          1,
          1,
          4,
          null,
          null,
          1,
          3,
          2,
          2,
          null,
          null,
          1,
          null,
          1,
          3,
          7,
          null,
          1,
          null,
          null,
          null,
          1,
          2,
          2,
          2,
          2,
          null,
          6,
          6,
          6,
          2,
          null,
          6,
          null,
          2,
          null,
          null,
          1,
          2,
          2,
          null,
          2,
          null,
          null,
          null,
          null,
          1,
          2,
          2,
          2,
          6,
          null,
          2,
          2,
          2,
          null,
          null,
          null,
          1,
          16,
          6,
          null,
          null,
          6,
          1,
          null,
          5,
          1,
          1,
          null,
          null,
          null,
          4,
          null,
          6,
          null,
          null,
          null,
          null,
          1,
          11,
          9,
          7,
          null,
          null,
          null,
          2,
          null,
          null,
          1,
          6,
          1,
          null,
          5,
          1,
          null,
          null,
          4,
          null,
          null
        ]
      }
    },
    "timestamp": 1673993492
  }
}
